<?xml version="1.0" encoding="UTF-8"?>
<!-- Generated by org.testng.reporters.JUnitXMLReporter -->
<testsuite hostname="DESKTOP-TG4UPQG" failures="0" tests="4" name="Default test" time="10.136" errors="0" timestamp="23 Oct 2024 16:40:59 GMT">
  <testcase classname="api.tests.UserTests" name="testPostUser" time="4.32"/>
  <testcase classname="api.tests.UserTests" name="testGetUserByName" time="1.459"/>
  <testcase classname="api.tests.UserTests" name="testUpdateUserByName" time="2.551"/>
  <testcase classname="api.tests.UserTests" name="testDeleteUserByName" time="1.438"/>
</testsuite> <!-- Default test -->
