<?xml version="1.0" encoding="UTF-8"?>
<testng-results ignored="0" total="4" passed="4" failed="0" skipped="0">
  <reporter-output>
  </reporter-output>
  <suite started-at="2024-10-27T18:20:29Z" name="PetSuite" finished-at="2024-10-27T18:20:39Z" duration-ms="9919">
    <groups>
    </groups>
    <test started-at="2024-10-27T18:20:29Z" name="PetTest" finished-at="2024-10-27T18:20:39Z" duration-ms="9919">
      <class name="api.tests.UserTests2">
        <test-method is-config="true" signature="setupData()[pri:0, instance:api.tests.UserTests2@2767e23c]" started-at="2024-10-27T18:20:30Z" name="setupData" finished-at="2024-10-27T18:20:30Z" duration-ms="742" status="PASS">
          <reporter-output>
          </reporter-output>
        </test-method> <!-- setupData -->
        <test-method signature="testPostUser()[pri:1, instance:api.tests.UserTests2@2767e23c]" started-at="2024-10-27T18:20:31Z" name="testPostUser" finished-at="2024-10-27T18:20:34Z" duration-ms="3511" status="PASS">
          <reporter-output>
          </reporter-output>
        </test-method> <!-- testPostUser -->
        <test-method signature="testGetUserByName()[pri:2, instance:api.tests.UserTests2@2767e23c]" started-at="2024-10-27T18:20:34Z" name="testGetUserByName" finished-at="2024-10-27T18:20:35Z" duration-ms="1320" status="PASS">
          <reporter-output>
          </reporter-output>
        </test-method> <!-- testGetUserByName -->
        <test-method signature="testUpdateUserByName()[pri:3, instance:api.tests.UserTests2@2767e23c]" started-at="2024-10-27T18:20:35Z" name="testUpdateUserByName" finished-at="2024-10-27T18:20:38Z" duration-ms="2556" status="PASS">
          <reporter-output>
          </reporter-output>
        </test-method> <!-- testUpdateUserByName -->
        <test-method signature="testDeleteUserByName()[pri:4, instance:api.tests.UserTests2@2767e23c]" started-at="2024-10-27T18:20:38Z" name="testDeleteUserByName" finished-at="2024-10-27T18:20:39Z" duration-ms="1444" status="PASS">
          <reporter-output>
          </reporter-output>
        </test-method> <!-- testDeleteUserByName -->
      </class> <!-- api.tests.UserTests2 -->
    </test> <!-- PetTest -->
  </suite> <!-- PetSuite -->
</testng-results>
