<?xml version="1.0" encoding="UTF-8"?>
<!-- Generated by org.testng.reporters.JUnitXMLReporter -->
<testsuite ignored="0" hostname="DESKTOP-TG4UPQG" failures="0" tests="4" name="PetTest" time="9.919" errors="0" timestamp="27 Oct 2024 18:20:39 GMT">
  <testcase classname="api.tests.UserTests2" name="testPostUser" time="3.511"/>
  <testcase classname="api.tests.UserTests2" name="testGetUserByName" time="1.32"/>
  <testcase classname="api.tests.UserTests2" name="testUpdateUserByName" time="2.556"/>
  <testcase classname="api.tests.UserTests2" name="testDeleteUserByName" time="1.444"/>
</testsuite> <!-- PetTest -->
