<?xml version="1.0" encoding="UTF-8"?>
<!-- Generated by org.testng.reporters.JUnitXMLReporter -->
<testsuite hostname="DESKTOP-TG4UPQG" failures="0" tests="4" name="PetTest" time="14.09" errors="0" timestamp="26 Oct 2024 18:19:24 GMT">
  <testcase classname="api.tests.UserTests2" name="testPostUser" time="6.701"/>
  <testcase classname="api.tests.UserTests2" name="testGetUserByName" time="1.531"/>
  <testcase classname="api.tests.UserTests2" name="testUpdateUserByName" time="3.069"/>
  <testcase classname="api.tests.UserTests2" name="testDeleteUserByName" time="1.533"/>
</testsuite> <!-- PetTest -->
